<?xml version="1.0" encoding="UTF-8"?>
<testng-results ignored="0" total="6" passed="5" failed="1" skipped="0">
  <reporter-output>
  </reporter-output>
  <suite started-at="2024-04-17T17:35:49 IST" name="Default suite" finished-at="2024-04-17T17:37:31 IST" duration-ms="101983">
    <groups>
      <group name="cucumber">
        <method signature="AbstractTestNGCucumberTests.runScenario(io.cucumber.testng.PickleWrapper,io.cucumber.testng.FeatureWrapper)[pri:0, instance:TestRunner.APRunner@48e1f6c7]" name="runScenario" class="io.cucumber.testng.AbstractTestNGCucumberTests"/>
      </group> <!-- cucumber -->
    </groups>
    <test started-at="2024-04-17T17:35:49 IST" name="Default test" finished-at="2024-04-17T17:37:31 IST" duration-ms="101983">
      <class name="TestRunner.APRunner">
        <test-method is-config="true" signature="setUpClass(org.testng.ITestContext)[pri:0, instance:TestRunner.APRunner@48e1f6c7]" started-at="2024-04-17T17:35:49 IST" name="setUpClass" finished-at="2024-04-17T17:35:51 IST" duration-ms="1628" status="PASS">
          <params>
            <param index="0">
              <value>
                <![CDATA[org.testng.TestRunner@6a278584]]>
              </value>
            </param>
          </params>
          <reporter-output>
          </reporter-output>
        </test-method> <!-- setUpClass -->
        <test-method signature="runScenario(io.cucumber.testng.PickleWrapper,io.cucumber.testng.FeatureWrapper)[pri:0, instance:TestRunner.APRunner@48e1f6c7]" started-at="2024-04-17T17:35:51 IST" name="runScenario" description="Runs Cucumber Scenarios" data-provider="scenarios" finished-at="2024-04-17T17:36:09 IST" duration-ms="18094" status="PASS">
          <params>
            <param index="0">
              <value>
                <![CDATA["To view different types of room designs"]]>
              </value>
            </param>
            <param index="1">
              <value>
                <![CDATA["To test AsianPaints functionality"]]>
              </value>
            </param>
          </params>
          <reporter-output>
          </reporter-output>
        </test-method> <!-- runScenario -->
        <test-method signature="runScenario(io.cucumber.testng.PickleWrapper,io.cucumber.testng.FeatureWrapper)[pri:0, instance:TestRunner.APRunner@48e1f6c7]" started-at="2024-04-17T17:36:09 IST" name="runScenario" description="Runs Cucumber Scenarios" data-provider="scenarios" finished-at="2024-04-17T17:36:27 IST" duration-ms="18271" status="PASS">
          <params>
            <param index="0">
              <value>
                <![CDATA["To test Appoinment booking functionality for valid credentials"]]>
              </value>
            </param>
            <param index="1">
              <value>
                <![CDATA["To test AsianPaints functionality"]]>
              </value>
            </param>
          </params>
          <reporter-output>
          </reporter-output>
        </test-method> <!-- runScenario -->
        <test-method signature="runScenario(io.cucumber.testng.PickleWrapper,io.cucumber.testng.FeatureWrapper)[pri:0, instance:TestRunner.APRunner@48e1f6c7]" started-at="2024-04-17T17:36:27 IST" name="runScenario" description="Runs Cucumber Scenarios" data-provider="scenarios" finished-at="2024-04-17T17:36:39 IST" duration-ms="12321" status="PASS">
          <params>
            <param index="0">
              <value>
                <![CDATA["To test Appoinment booking functionality for invalid credentials"]]>
              </value>
            </param>
            <param index="1">
              <value>
                <![CDATA["To test AsianPaints functionality"]]>
              </value>
            </param>
          </params>
          <reporter-output>
          </reporter-output>
        </test-method> <!-- runScenario -->
        <test-method signature="runScenario(io.cucumber.testng.PickleWrapper,io.cucumber.testng.FeatureWrapper)[pri:0, instance:TestRunner.APRunner@48e1f6c7]" started-at="2024-04-17T17:36:39 IST" name="runScenario" description="Runs Cucumber Scenarios" data-provider="scenarios" finished-at="2024-04-17T17:36:55 IST" duration-ms="15292" status="PASS">
          <params>
            <param index="0">
              <value>
                <![CDATA["To validate that user is able to Download report and Subscribe for latest design inspiration"]]>
              </value>
            </param>
            <param index="1">
              <value>
                <![CDATA["To test AsianPaints functionality"]]>
              </value>
            </param>
          </params>
          <reporter-output>
          </reporter-output>
        </test-method> <!-- runScenario -->
        <test-method signature="runScenario(io.cucumber.testng.PickleWrapper,io.cucumber.testng.FeatureWrapper)[pri:0, instance:TestRunner.APRunner@48e1f6c7]" started-at="2024-04-17T17:36:55 IST" name="runScenario" description="Runs Cucumber Scenarios" data-provider="scenarios" finished-at="2024-04-17T17:37:13 IST" duration-ms="18365" status="PASS">
          <params>
            <param index="0">
              <value>
                <![CDATA["To validate Register a complaint functionality"]]>
              </value>
            </param>
            <param index="1">
              <value>
                <![CDATA["To test AsianPaints functionality"]]>
              </value>
            </param>
          </params>
          <reporter-output>
          </reporter-output>
        </test-method> <!-- runScenario -->
        <test-method signature="runScenario(io.cucumber.testng.PickleWrapper,io.cucumber.testng.FeatureWrapper)[pri:0, instance:TestRunner.APRunner@48e1f6c7]" started-at="2024-04-17T17:37:13 IST" name="runScenario" description="Runs Cucumber Scenarios" data-provider="scenarios" finished-at="2024-04-17T17:37:29 IST" duration-ms="16418" status="FAIL">
          <params>
            <param index="0">
              <value>
                <![CDATA["To validate the Like icon is clickable"]]>
              </value>
            </param>
            <param index="1">
              <value>
                <![CDATA["To test AsianPaints functionality"]]>
              </value>
            </param>
          </params>
          <exception class="java.lang.AssertionError">
            <message>
              <![CDATA[expected [Happy Customers - Mr and Mrs Deo] but found []]]>
            </message>
            <full-stacktrace>
              <![CDATA[java.lang.AssertionError: expected [Happy Customers - Mr and Mrs Deo] but found []
at org.testng.Assert.fail(Assert.java:111)
at org.testng.Assert.failNotEquals(Assert.java:1578)
at org.testng.Assert.assertEqualsImpl(Assert.java:150)
at org.testng.Assert.assertEquals(Assert.java:132)
at org.testng.Assert.assertEquals(Assert.java:656)
at org.testng.Assert.assertEquals(Assert.java:666)
at Step_Definition.InspirationSteps.user_is_able_to_click_on_like_icon(InspirationSteps.java:304)
at ✽.User is able to click on like icon(file:///C:/Users/VGIRISHS/Desktop/Sprint2/Inspiration/src/test/resource/Features/AsianPaints.feature:87)
]]>
            </full-stacktrace>
          </exception> <!-- java.lang.AssertionError -->
          <reporter-output>
          </reporter-output>
        </test-method> <!-- runScenario -->
        <test-method is-config="true" signature="tearDownClass()[pri:0, instance:TestRunner.APRunner@48e1f6c7]" started-at="2024-04-17T17:37:29 IST" name="tearDownClass" finished-at="2024-04-17T17:37:31 IST" duration-ms="1491" status="PASS">
          <reporter-output>
          </reporter-output>
        </test-method> <!-- tearDownClass -->
      </class> <!-- TestRunner.APRunner -->
    </test> <!-- Default test -->
  </suite> <!-- Default suite -->
</testng-results>
