<?xml version="1.0" encoding="UTF-8"?>
<!-- Generated by org.testng.reporters.JUnitReportReporter -->
<testsuite hostname="LIN-5CG1196S4W" failures="1" tests="6" name="TestRunner.APRunner" time="98.761" errors="0" timestamp="2024-04-17T17:37:31 IST" skipped="0">
  <testcase classname="TestRunner.APRunner" name="runScenario" time="18.365"/>
  <testcase classname="TestRunner.APRunner" name="runScenario" time="18.094"/>
  <testcase classname="TestRunner.APRunner" name="runScenario" time="12.321"/>
  <testcase classname="TestRunner.APRunner" name="runScenario" time="16.418">
    <failure message="expected [Happy Customers - Mr and Mrs Deo] but found []" type="java.lang.AssertionError">
      <![CDATA[java.lang.AssertionError: expected [Happy Customers - Mr and Mrs Deo] but found []
at org.testng.Assert.fail(Assert.java:111)
at org.testng.Assert.failNotEquals(Assert.java:1578)
at org.testng.Assert.assertEqualsImpl(Assert.java:150)
at org.testng.Assert.assertEquals(Assert.java:132)
at org.testng.Assert.assertEquals(Assert.java:656)
at org.testng.Assert.assertEquals(Assert.java:666)
at Step_Definition.InspirationSteps.user_is_able_to_click_on_like_icon(InspirationSteps.java:304)
at ✽.User is able to click on like icon(file:///C:/Users/VGIRISHS/Desktop/Sprint2/Inspiration/src/test/resource/Features/AsianPaints.feature:87)
]]>
    </failure>
  </testcase> <!-- runScenario -->
  <testcase classname="TestRunner.APRunner" name="runScenario" time="18.271"/>
  <testcase classname="TestRunner.APRunner" name="runScenario" time="15.292"/>
</testsuite> <!-- TestRunner.APRunner -->
